  [1m[36m (0.1ms)[0m  [1mselect sqlite_version(*)[0m
  [1m[35m (216.5ms)[0m  CREATE TABLE "schema_migrations" ("version" varchar(255) NOT NULL) 
  [1m[36m (0.1ms)[0m  [1mPRAGMA index_list("schema_migrations")[0m
  [1m[35m (176.7ms)[0m  CREATE UNIQUE INDEX "unique_schema_migrations" ON "schema_migrations" ("version")
  [1m[36m (0.1ms)[0m  [1mSELECT "schema_migrations"."version" FROM "schema_migrations" [0m
Migrating to CreateSongs (20120531175934)
  [1m[35m (0.1ms)[0m  begin transaction
  [1m[36m (0.5ms)[0m  [1mCREATE TABLE "songs" ("id" INTEGER PRIMARY KEY AUTOINCREMENT NOT NULL, "petition" varchar(255), "title" varchar(255), "artist" varchar(255), "album" varchar(255), "year" varchar(255), "image" varchar(255), "length" varchar(255), "number" varchar(255), "created_at" datetime NOT NULL, "updated_at" datetime NOT NULL) [0m
  [1m[35m (0.2ms)[0m  INSERT INTO "schema_migrations" ("version") VALUES ('20120531175934')
  [1m[36m (215.3ms)[0m  [1mcommit transaction[0m
  [1m[35m (0.3ms)[0m  select sqlite_version(*)
  [1m[36m (0.1ms)[0m  [1mSELECT "schema_migrations"."version" FROM "schema_migrations" [0m
  [1m[35m (0.1ms)[0m  PRAGMA index_list("songs")


Started GET "/songs" for 127.0.0.1 at 2012-05-31 12:27:45 -0600
Processing by SongsController#index as HTML
  Rendered songs/index.html.erb within layouts/application (3.8ms)
Compiled songs.css  (64ms)  (pid 4279)
Compiled application.css  (74ms)  (pid 4279)
Compiled jquery.js  (2ms)  (pid 4279)
Compiled jquery_ujs.js  (0ms)  (pid 4279)
Compiled songs.js  (200ms)  (pid 4279)
Compiled application.js  (430ms)  (pid 4279)
Completed 200 OK in 686ms (Views: 685.0ms | ActiveRecord: 0.0ms)


Started GET "/assets/songs.css?body=1" for 127.0.0.1 at 2012-05-31 12:27:46 -0600
Served asset /songs.css - 200 OK (4ms)


Started GET "/assets/songs.js?body=1" for 127.0.0.1 at 2012-05-31 12:27:46 -0600
Served asset /songs.js - 200 OK (2ms)


Started GET "/assets/application.js?body=1" for 127.0.0.1 at 2012-05-31 12:27:46 -0600
Served asset /application.js - 304 Not Modified (8ms)


Started GET "/assets/jquery_ujs.js?body=1" for 127.0.0.1 at 2012-05-31 12:27:46 -0600
Served asset /jquery_ujs.js - 304 Not Modified (2ms)


Started GET "/assets/application.css?body=1" for 127.0.0.1 at 2012-05-31 12:27:46 -0600
Served asset /application.css - 304 Not Modified (5ms)


Started GET "/assets/jquery.js?body=1" for 127.0.0.1 at 2012-05-31 12:27:46 -0600
Served asset /jquery.js - 304 Not Modified (4ms)


Started GET "/songs" for 127.0.0.1 at 2012-05-31 12:28:18 -0600
Processing by SongsController#index as HTML
  Rendered songs/index.html.erb within layouts/application (48.6ms)
Completed 500 Internal Server Error in 63ms

ActionView::Template::Error (undefined method `model_name' for NilClass:Class):
    1: <h1>Search a song</h1>
    2: <%= form_for @song do |f| %>
    3:   <p>
    4:     petition
    5:     <%= f.text_field :petition %>
  app/views/songs/index.html.erb:2:in `_app_views_songs_index_html_erb__342613841_81589370'


  Rendered /home/uzziel/.rvm/gems/ruby-1.9.3-p125/gems/actionpack-3.2.3/lib/action_dispatch/middleware/templates/rescues/_trace.erb (5.1ms)
  Rendered /home/uzziel/.rvm/gems/ruby-1.9.3-p125/gems/actionpack-3.2.3/lib/action_dispatch/middleware/templates/rescues/_request_and_response.erb (1.4ms)
  Rendered /home/uzziel/.rvm/gems/ruby-1.9.3-p125/gems/actionpack-3.2.3/lib/action_dispatch/middleware/templates/rescues/template_error.erb within rescues/layout (16.8ms)


Started GET "/songs" for 127.0.0.1 at 2012-05-31 12:29:41 -0600
Processing by SongsController#index as HTML
ERROR: compiling _app_views_songs_index_html_erb__330388593_83173300 RAISED /home/uzziel/Escritorio/verpro4/songs/app/views/songs/index.html.erb:11: syntax error, unexpected keyword_ensure, expecting $end
Function body:           def _app_views_songs_index_html_erb__330388593_83173300(local_assigns, output_buffer)
            _old_virtual_path, @virtual_path = @virtual_path, "songs/index";_old_output_buffer = @output_buffer;;@output_buffer = output_buffer || ActionView::OutputBuffer.new;@output_buffer.safe_concat('<h1>Search a song</h1>
  <p>
    petition
    ');@output_buffer.append= ( f.text_field :petition );@output_buffer.safe_concat('
');@output_buffer.safe_concat('  </p>
  <p>
    ');@output_buffer.append= ( f.submit );@output_buffer.safe_concat('
');@output_buffer.safe_concat('  </p>
'); end 
@output_buffer.to_s
          ensure
            @virtual_path, @output_buffer = _old_virtual_path, _old_output_buffer
          end

Backtrace: /home/uzziel/.rvm/gems/ruby-1.9.3-p125/gems/actionpack-3.2.3/lib/action_view/template.rb:285:in `module_eval'
/home/uzziel/.rvm/gems/ruby-1.9.3-p125/gems/actionpack-3.2.3/lib/action_view/template.rb:285:in `compile'
/home/uzziel/.rvm/gems/ruby-1.9.3-p125/gems/actionpack-3.2.3/lib/action_view/template.rb:233:in `compile!'
/home/uzziel/.rvm/gems/ruby-1.9.3-p125/gems/actionpack-3.2.3/lib/action_view/template.rb:142:in `block in render'
/home/uzziel/.rvm/gems/ruby-1.9.3-p125/gems/activesupport-3.2.3/lib/active_support/notifications.rb:125:in `instrument'
/home/uzziel/.rvm/gems/ruby-1.9.3-p125/gems/actionpack-3.2.3/lib/action_view/template.rb:141:in `render'
/home/uzziel/.rvm/gems/ruby-1.9.3-p125/gems/actionpack-3.2.3/lib/action_view/renderer/template_renderer.rb:47:in `block (2 levels) in render_template'
/home/uzziel/.rvm/gems/ruby-1.9.3-p125/gems/actionpack-3.2.3/lib/action_view/renderer/abstract_renderer.rb:38:in `block in instrument'
/home/uzziel/.rvm/gems/ruby-1.9.3-p125/gems/activesupport-3.2.3/lib/active_support/notifications.rb:123:in `block in instrument'
/home/uzziel/.rvm/gems/ruby-1.9.3-p125/gems/activesupport-3.2.3/lib/active_support/notifications/instrumenter.rb:20:in `instrument'
/home/uzziel/.rvm/gems/ruby-1.9.3-p125/gems/activesupport-3.2.3/lib/active_support/notifications.rb:123:in `instrument'
/home/uzziel/.rvm/gems/ruby-1.9.3-p125/gems/actionpack-3.2.3/lib/action_view/renderer/abstract_renderer.rb:38:in `instrument'
/home/uzziel/.rvm/gems/ruby-1.9.3-p125/gems/actionpack-3.2.3/lib/action_view/renderer/template_renderer.rb:46:in `block in render_template'
/home/uzziel/.rvm/gems/ruby-1.9.3-p125/gems/actionpack-3.2.3/lib/action_view/renderer/template_renderer.rb:54:in `render_with_layout'
/home/uzziel/.rvm/gems/ruby-1.9.3-p125/gems/actionpack-3.2.3/lib/action_view/renderer/template_renderer.rb:45:in `render_template'
/home/uzziel/.rvm/gems/ruby-1.9.3-p125/gems/actionpack-3.2.3/lib/action_view/renderer/template_renderer.rb:18:in `render'
/home/uzziel/.rvm/gems/ruby-1.9.3-p125/gems/actionpack-3.2.3/lib/action_view/renderer/renderer.rb:36:in `render_template'
/home/uzziel/.rvm/gems/ruby-1.9.3-p125/gems/actionpack-3.2.3/lib/action_view/renderer/renderer.rb:17:in `render'
/home/uzziel/.rvm/gems/ruby-1.9.3-p125/gems/actionpack-3.2.3/lib/abstract_controller/rendering.rb:110:in `_render_template'
/home/uzziel/.rvm/gems/ruby-1.9.3-p125/gems/actionpack-3.2.3/lib/action_controller/metal/streaming.rb:225:in `_render_template'
/home/uzziel/.rvm/gems/ruby-1.9.3-p125/gems/actionpack-3.2.3/lib/abstract_controller/rendering.rb:103:in `render_to_body'
/home/uzziel/.rvm/gems/ruby-1.9.3-p125/gems/actionpack-3.2.3/lib/action_controller/metal/renderers.rb:28:in `render_to_body'
/home/uzziel/.rvm/gems/ruby-1.9.3-p125/gems/actionpack-3.2.3/lib/action_controller/metal/compatibility.rb:50:in `render_to_body'
/home/uzziel/.rvm/gems/ruby-1.9.3-p125/gems/actionpack-3.2.3/lib/abstract_controller/rendering.rb:88:in `render'
/home/uzziel/.rvm/gems/ruby-1.9.3-p125/gems/actionpack-3.2.3/lib/action_controller/metal/rendering.rb:16:in `render'
/home/uzziel/.rvm/gems/ruby-1.9.3-p125/gems/actionpack-3.2.3/lib/action_controller/metal/instrumentation.rb:40:in `block (2 levels) in render'
/home/uzziel/.rvm/gems/ruby-1.9.3-p125/gems/activesupport-3.2.3/lib/active_support/core_ext/benchmark.rb:5:in `block in ms'
/home/uzziel/.rvm/rubies/ruby-1.9.3-p125/lib/ruby/1.9.1/benchmark.rb:295:in `realtime'
/home/uzziel/.rvm/gems/ruby-1.9.3-p125/gems/activesupport-3.2.3/lib/active_support/core_ext/benchmark.rb:5:in `ms'
/home/uzziel/.rvm/gems/ruby-1.9.3-p125/gems/actionpack-3.2.3/lib/action_controller/metal/instrumentation.rb:40:in `block in render'
/home/uzziel/.rvm/gems/ruby-1.9.3-p125/gems/actionpack-3.2.3/lib/action_controller/metal/instrumentation.rb:83:in `cleanup_view_runtime'
/home/uzziel/.rvm/gems/ruby-1.9.3-p125/gems/activerecord-3.2.3/lib/active_record/railties/controller_runtime.rb:24:in `cleanup_view_runtime'
/home/uzziel/.rvm/gems/ruby-1.9.3-p125/gems/actionpack-3.2.3/lib/action_controller/metal/instrumentation.rb:39:in `render'
/home/uzziel/.rvm/gems/ruby-1.9.3-p125/gems/actionpack-3.2.3/lib/action_controller/metal/implicit_render.rb:10:in `default_render'
/home/uzziel/.rvm/gems/ruby-1.9.3-p125/gems/actionpack-3.2.3/lib/action_controller/metal/implicit_render.rb:5:in `send_action'
/home/uzziel/.rvm/gems/ruby-1.9.3-p125/gems/actionpack-3.2.3/lib/abstract_controller/base.rb:167:in `process_action'
/home/uzziel/.rvm/gems/ruby-1.9.3-p125/gems/actionpack-3.2.3/lib/action_controller/metal/rendering.rb:10:in `process_action'
/home/uzziel/.rvm/gems/ruby-1.9.3-p125/gems/actionpack-3.2.3/lib/abstract_controller/callbacks.rb:18:in `block in process_action'
/home/uzziel/.rvm/gems/ruby-1.9.3-p125/gems/activesupport-3.2.3/lib/active_support/callbacks.rb:414:in `_run__64202274__process_action__921007397__callbacks'
/home/uzziel/.rvm/gems/ruby-1.9.3-p125/gems/activesupport-3.2.3/lib/active_support/callbacks.rb:405:in `__run_callback'
/home/uzziel/.rvm/gems/ruby-1.9.3-p125/gems/activesupport-3.2.3/lib/active_support/callbacks.rb:385:in `_run_process_action_callbacks'
/home/uzziel/.rvm/gems/ruby-1.9.3-p125/gems/activesupport-3.2.3/lib/active_support/callbacks.rb:81:in `run_callbacks'
/home/uzziel/.rvm/gems/ruby-1.9.3-p125/gems/actionpack-3.2.3/lib/abstract_controller/callbacks.rb:17:in `process_action'
/home/uzziel/.rvm/gems/ruby-1.9.3-p125/gems/actionpack-3.2.3/lib/action_controller/metal/rescue.rb:29:in `process_action'
/home/uzziel/.rvm/gems/ruby-1.9.3-p125/gems/actionpack-3.2.3/lib/action_controller/metal/instrumentation.rb:30:in `block in process_action'
/home/uzziel/.rvm/gems/ruby-1.9.3-p125/gems/activesupport-3.2.3/lib/active_support/notifications.rb:123:in `block in instrument'
/home/uzziel/.rvm/gems/ruby-1.9.3-p125/gems/activesupport-3.2.3/lib/active_support/notifications/instrumenter.rb:20:in `instrument'
/home/uzziel/.rvm/gems/ruby-1.9.3-p125/gems/activesupport-3.2.3/lib/active_support/notifications.rb:123:in `instrument'
/home/uzziel/.rvm/gems/ruby-1.9.3-p125/gems/actionpack-3.2.3/lib/action_controller/metal/instrumentation.rb:29:in `process_action'
/home/uzziel/.rvm/gems/ruby-1.9.3-p125/gems/actionpack-3.2.3/lib/action_controller/metal/params_wrapper.rb:205:in `process_action'
/home/uzziel/.rvm/gems/ruby-1.9.3-p125/gems/activerecord-3.2.3/lib/active_record/railties/controller_runtime.rb:18:in `process_action'
/home/uzziel/.rvm/gems/ruby-1.9.3-p125/gems/actionpack-3.2.3/lib/abstract_controller/base.rb:121:in `process'
/home/uzziel/.rvm/gems/ruby-1.9.3-p125/gems/actionpack-3.2.3/lib/abstract_controller/rendering.rb:45:in `process'
/home/uzziel/.rvm/gems/ruby-1.9.3-p125/gems/actionpack-3.2.3/lib/action_controller/metal.rb:203:in `dispatch'
/home/uzziel/.rvm/gems/ruby-1.9.3-p125/gems/actionpack-3.2.3/lib/action_controller/metal/rack_delegation.rb:14:in `dispatch'
/home/uzziel/.rvm/gems/ruby-1.9.3-p125/gems/actionpack-3.2.3/lib/action_controller/metal.rb:246:in `block in action'
/home/uzziel/.rvm/gems/ruby-1.9.3-p125/gems/actionpack-3.2.3/lib/action_dispatch/routing/route_set.rb:73:in `call'
/home/uzziel/.rvm/gems/ruby-1.9.3-p125/gems/actionpack-3.2.3/lib/action_dispatch/routing/route_set.rb:73:in `dispatch'
/home/uzziel/.rvm/gems/ruby-1.9.3-p125/gems/actionpack-3.2.3/lib/action_dispatch/routing/route_set.rb:36:in `call'
/home/uzziel/.rvm/gems/ruby-1.9.3-p125/gems/journey-1.0.3/lib/journey/router.rb:68:in `block in call'
/home/uzziel/.rvm/gems/ruby-1.9.3-p125/gems/journey-1.0.3/lib/journey/router.rb:56:in `each'
/home/uzziel/.rvm/gems/ruby-1.9.3-p125/gems/journey-1.0.3/lib/journey/router.rb:56:in `call'
/home/uzziel/.rvm/gems/ruby-1.9.3-p125/gems/actionpack-3.2.3/lib/action_dispatch/routing/route_set.rb:600:in `call'
/home/uzziel/.rvm/gems/ruby-1.9.3-p125/gems/actionpack-3.2.3/lib/action_dispatch/middleware/best_standards_support.rb:17:in `call'
/home/uzziel/.rvm/gems/ruby-1.9.3-p125/gems/rack-1.4.1/lib/rack/etag.rb:23:in `call'
/home/uzziel/.rvm/gems/ruby-1.9.3-p125/gems/rack-1.4.1/lib/rack/conditionalget.rb:25:in `call'
/home/uzziel/.rvm/gems/ruby-1.9.3-p125/gems/actionpack-3.2.3/lib/action_dispatch/middleware/head.rb:14:in `call'
/home/uzziel/.rvm/gems/ruby-1.9.3-p125/gems/actionpack-3.2.3/lib/action_dispatch/middleware/params_parser.rb:21:in `call'
/home/uzziel/.rvm/gems/ruby-1.9.3-p125/gems/actionpack-3.2.3/lib/action_dispatch/middleware/flash.rb:242:in `call'
/home/uzziel/.rvm/gems/ruby-1.9.3-p125/gems/rack-1.4.1/lib/rack/session/abstract/id.rb:205:in `context'
/home/uzziel/.rvm/gems/ruby-1.9.3-p125/gems/rack-1.4.1/lib/rack/session/abstract/id.rb:200:in `call'
/home/uzziel/.rvm/gems/ruby-1.9.3-p125/gems/actionpack-3.2.3/lib/action_dispatch/middleware/cookies.rb:338:in `call'
/home/uzziel/.rvm/gems/ruby-1.9.3-p125/gems/activerecord-3.2.3/lib/active_record/query_cache.rb:64:in `call'
/home/uzziel/.rvm/gems/ruby-1.9.3-p125/gems/activerecord-3.2.3/lib/active_record/connection_adapters/abstract/connection_pool.rb:467:in `call'
/home/uzziel/.rvm/gems/ruby-1.9.3-p125/gems/actionpack-3.2.3/lib/action_dispatch/middleware/callbacks.rb:28:in `block in call'
/home/uzziel/.rvm/gems/ruby-1.9.3-p125/gems/activesupport-3.2.3/lib/active_support/callbacks.rb:405:in `_run__324383576__call__360717813__callbacks'
/home/uzziel/.rvm/gems/ruby-1.9.3-p125/gems/activesupport-3.2.3/lib/active_support/callbacks.rb:405:in `__run_callback'
/home/uzziel/.rvm/gems/ruby-1.9.3-p125/gems/activesupport-3.2.3/lib/active_support/callbacks.rb:385:in `_run_call_callbacks'
/home/uzziel/.rvm/gems/ruby-1.9.3-p125/gems/activesupport-3.2.3/lib/active_support/callbacks.rb:81:in `run_callbacks'
/home/uzziel/.rvm/gems/ruby-1.9.3-p125/gems/actionpack-3.2.3/lib/action_dispatch/middleware/callbacks.rb:27:in `call'
/home/uzziel/.rvm/gems/ruby-1.9.3-p125/gems/actionpack-3.2.3/lib/action_dispatch/middleware/reloader.rb:65:in `call'
/home/uzziel/.rvm/gems/ruby-1.9.3-p125/gems/actionpack-3.2.3/lib/action_dispatch/middleware/remote_ip.rb:31:in `call'
/home/uzziel/.rvm/gems/ruby-1.9.3-p125/gems/actionpack-3.2.3/lib/action_dispatch/middleware/debug_exceptions.rb:16:in `call'
/home/uzziel/.rvm/gems/ruby-1.9.3-p125/gems/actionpack-3.2.3/lib/action_dispatch/middleware/show_exceptions.rb:56:in `call'
/home/uzziel/.rvm/gems/ruby-1.9.3-p125/gems/railties-3.2.3/lib/rails/rack/logger.rb:26:in `call_app'
/home/uzziel/.rvm/gems/ruby-1.9.3-p125/gems/railties-3.2.3/lib/rails/rack/logger.rb:16:in `call'
/home/uzziel/.rvm/gems/ruby-1.9.3-p125/gems/actionpack-3.2.3/lib/action_dispatch/middleware/request_id.rb:22:in `call'
/home/uzziel/.rvm/gems/ruby-1.9.3-p125/gems/rack-1.4.1/lib/rack/methodoverride.rb:21:in `call'
/home/uzziel/.rvm/gems/ruby-1.9.3-p125/gems/rack-1.4.1/lib/rack/runtime.rb:17:in `call'
/home/uzziel/.rvm/gems/ruby-1.9.3-p125/gems/activesupport-3.2.3/lib/active_support/cache/strategy/local_cache.rb:72:in `call'
/home/uzziel/.rvm/gems/ruby-1.9.3-p125/gems/rack-1.4.1/lib/rack/lock.rb:15:in `call'
/home/uzziel/.rvm/gems/ruby-1.9.3-p125/gems/actionpack-3.2.3/lib/action_dispatch/middleware/static.rb:62:in `call'
/home/uzziel/.rvm/gems/ruby-1.9.3-p125/gems/railties-3.2.3/lib/rails/engine.rb:479:in `call'
/home/uzziel/.rvm/gems/ruby-1.9.3-p125/gems/railties-3.2.3/lib/rails/application.rb:220:in `call'
/home/uzziel/.rvm/gems/ruby-1.9.3-p125/gems/rack-1.4.1/lib/rack/content_length.rb:14:in `call'
/home/uzziel/.rvm/gems/ruby-1.9.3-p125/gems/railties-3.2.3/lib/rails/rack/log_tailer.rb:14:in `call'
/home/uzziel/.rvm/gems/ruby-1.9.3-p125/gems/rack-1.4.1/lib/rack/handler/webrick.rb:59:in `service'
/home/uzziel/.rvm/rubies/ruby-1.9.3-p125/lib/ruby/1.9.1/webrick/httpserver.rb:138:in `service'
/home/uzziel/.rvm/rubies/ruby-1.9.3-p125/lib/ruby/1.9.1/webrick/httpserver.rb:94:in `run'
/home/uzziel/.rvm/rubies/ruby-1.9.3-p125/lib/ruby/1.9.1/webrick/server.rb:191:in `block in start_thread'
  Rendered songs/index.html.erb within layouts/application (27.9ms)
Completed 500 Internal Server Error in 66ms

ActionView::Template::Error (/home/uzziel/Escritorio/verpro4/songs/app/views/songs/index.html.erb:11: syntax error, unexpected keyword_ensure, expecting $end):
    8:   </p>
    9: <% end %>
  actionpack (3.2.3) lib/action_view/template.rb:285:in `module_eval'
  actionpack (3.2.3) lib/action_view/template.rb:285:in `compile'
  actionpack (3.2.3) lib/action_view/template.rb:233:in `compile!'
  actionpack (3.2.3) lib/action_view/template.rb:142:in `block in render'
  activesupport (3.2.3) lib/active_support/notifications.rb:125:in `instrument'
  actionpack (3.2.3) lib/action_view/template.rb:141:in `render'
  actionpack (3.2.3) lib/action_view/renderer/template_renderer.rb:47:in `block (2 levels) in render_template'
  actionpack (3.2.3) lib/action_view/renderer/abstract_renderer.rb:38:in `block in instrument'
  activesupport (3.2.3) lib/active_support/notifications.rb:123:in `block in instrument'
  activesupport (3.2.3) lib/active_support/notifications/instrumenter.rb:20:in `instrument'
  activesupport (3.2.3) lib/active_support/notifications.rb:123:in `instrument'
  actionpack (3.2.3) lib/action_view/renderer/abstract_renderer.rb:38:in `instrument'
  actionpack (3.2.3) lib/action_view/renderer/template_renderer.rb:46:in `block in render_template'
  actionpack (3.2.3) lib/action_view/renderer/template_renderer.rb:54:in `render_with_layout'
  actionpack (3.2.3) lib/action_view/renderer/template_renderer.rb:45:in `render_template'
  actionpack (3.2.3) lib/action_view/renderer/template_renderer.rb:18:in `render'
  actionpack (3.2.3) lib/action_view/renderer/renderer.rb:36:in `render_template'
  actionpack (3.2.3) lib/action_view/renderer/renderer.rb:17:in `render'
  actionpack (3.2.3) lib/abstract_controller/rendering.rb:110:in `_render_template'
  actionpack (3.2.3) lib/action_controller/metal/streaming.rb:225:in `_render_template'
  actionpack (3.2.3) lib/abstract_controller/rendering.rb:103:in `render_to_body'
  actionpack (3.2.3) lib/action_controller/metal/renderers.rb:28:in `render_to_body'
  actionpack (3.2.3) lib/action_controller/metal/compatibility.rb:50:in `render_to_body'
  actionpack (3.2.3) lib/abstract_controller/rendering.rb:88:in `render'
  actionpack (3.2.3) lib/action_controller/metal/rendering.rb:16:in `render'
  actionpack (3.2.3) lib/action_controller/metal/instrumentation.rb:40:in `block (2 levels) in render'
  activesupport (3.2.3) lib/active_support/core_ext/benchmark.rb:5:in `block in ms'
  /home/uzziel/.rvm/rubies/ruby-1.9.3-p125/lib/ruby/1.9.1/benchmark.rb:295:in `realtime'
  activesupport (3.2.3) lib/active_support/core_ext/benchmark.rb:5:in `ms'
  actionpack (3.2.3) lib/action_controller/metal/instrumentation.rb:40:in `block in render'
  actionpack (3.2.3) lib/action_controller/metal/instrumentation.rb:83:in `cleanup_view_runtime'
  activerecord (3.2.3) lib/active_record/railties/controller_runtime.rb:24:in `cleanup_view_runtime'
  actionpack (3.2.3) lib/action_controller/metal/instrumentation.rb:39:in `render'
  actionpack (3.2.3) lib/action_controller/metal/implicit_render.rb:10:in `default_render'
  actionpack (3.2.3) lib/action_controller/metal/implicit_render.rb:5:in `send_action'
  actionpack (3.2.3) lib/abstract_controller/base.rb:167:in `process_action'
  actionpack (3.2.3) lib/action_controller/metal/rendering.rb:10:in `process_action'
  actionpack (3.2.3) lib/abstract_controller/callbacks.rb:18:in `block in process_action'
  activesupport (3.2.3) lib/active_support/callbacks.rb:414:in `_run__64202274__process_action__921007397__callbacks'
  activesupport (3.2.3) lib/active_support/callbacks.rb:405:in `__run_callback'
  activesupport (3.2.3) lib/active_support/callbacks.rb:385:in `_run_process_action_callbacks'
  activesupport (3.2.3) lib/active_support/callbacks.rb:81:in `run_callbacks'
  actionpack (3.2.3) lib/abstract_controller/callbacks.rb:17:in `process_action'
  actionpack (3.2.3) lib/action_controller/metal/rescue.rb:29:in `process_action'
  actionpack (3.2.3) lib/action_controller/metal/instrumentation.rb:30:in `block in process_action'
  activesupport (3.2.3) lib/active_support/notifications.rb:123:in `block in instrument'
  activesupport (3.2.3) lib/active_support/notifications/instrumenter.rb:20:in `instrument'
  activesupport (3.2.3) lib/active_support/notifications.rb:123:in `instrument'
  actionpack (3.2.3) lib/action_controller/metal/instrumentation.rb:29:in `process_action'
  actionpack (3.2.3) lib/action_controller/metal/params_wrapper.rb:205:in `process_action'
  activerecord (3.2.3) lib/active_record/railties/controller_runtime.rb:18:in `process_action'
  actionpack (3.2.3) lib/abstract_controller/base.rb:121:in `process'
  actionpack (3.2.3) lib/abstract_controller/rendering.rb:45:in `process'
  actionpack (3.2.3) lib/action_controller/metal.rb:203:in `dispatch'
  actionpack (3.2.3) lib/action_controller/metal/rack_delegation.rb:14:in `dispatch'
  actionpack (3.2.3) lib/action_controller/metal.rb:246:in `block in action'
  actionpack (3.2.3) lib/action_dispatch/routing/route_set.rb:73:in `call'
  actionpack (3.2.3) lib/action_dispatch/routing/route_set.rb:73:in `dispatch'
  actionpack (3.2.3) lib/action_dispatch/routing/route_set.rb:36:in `call'
  journey (1.0.3) lib/journey/router.rb:68:in `block in call'
  journey (1.0.3) lib/journey/router.rb:56:in `each'
  journey (1.0.3) lib/journey/router.rb:56:in `call'
  actionpack (3.2.3) lib/action_dispatch/routing/route_set.rb:600:in `call'
  actionpack (3.2.3) lib/action_dispatch/middleware/best_standards_support.rb:17:in `call'
  rack (1.4.1) lib/rack/etag.rb:23:in `call'
  rack (1.4.1) lib/rack/conditionalget.rb:25:in `call'
  actionpack (3.2.3) lib/action_dispatch/middleware/head.rb:14:in `call'
  actionpack (3.2.3) lib/action_dispatch/middleware/params_parser.rb:21:in `call'
  actionpack (3.2.3) lib/action_dispatch/middleware/flash.rb:242:in `call'
  rack (1.4.1) lib/rack/session/abstract/id.rb:205:in `context'
  rack (1.4.1) lib/rack/session/abstract/id.rb:200:in `call'
  actionpack (3.2.3) lib/action_dispatch/middleware/cookies.rb:338:in `call'
  activerecord (3.2.3) lib/active_record/query_cache.rb:64:in `call'
  activerecord (3.2.3) lib/active_record/connection_adapters/abstract/connection_pool.rb:467:in `call'
  actionpack (3.2.3) lib/action_dispatch/middleware/callbacks.rb:28:in `block in call'
  activesupport (3.2.3) lib/active_support/callbacks.rb:405:in `_run__324383576__call__360717813__callbacks'
  activesupport (3.2.3) lib/active_support/callbacks.rb:405:in `__run_callback'
  activesupport (3.2.3) lib/active_support/callbacks.rb:385:in `_run_call_callbacks'
  activesupport (3.2.3) lib/active_support/callbacks.rb:81:in `run_callbacks'
  actionpack (3.2.3) lib/action_dispatch/middleware/callbacks.rb:27:in `call'
  actionpack (3.2.3) lib/action_dispatch/middleware/reloader.rb:65:in `call'
  actionpack (3.2.3) lib/action_dispatch/middleware/remote_ip.rb:31:in `call'
  actionpack (3.2.3) lib/action_dispatch/middleware/debug_exceptions.rb:16:in `call'
  actionpack (3.2.3) lib/action_dispatch/middleware/show_exceptions.rb:56:in `call'
  railties (3.2.3) lib/rails/rack/logger.rb:26:in `call_app'
  railties (3.2.3) lib/rails/rack/logger.rb:16:in `call'
  actionpack (3.2.3) lib/action_dispatch/middleware/request_id.rb:22:in `call'
  rack (1.4.1) lib/rack/methodoverride.rb:21:in `call'
  rack (1.4.1) lib/rack/runtime.rb:17:in `call'
  activesupport (3.2.3) lib/active_support/cache/strategy/local_cache.rb:72:in `call'
  rack (1.4.1) lib/rack/lock.rb:15:in `call'
  actionpack (3.2.3) lib/action_dispatch/middleware/static.rb:62:in `call'
  railties (3.2.3) lib/rails/engine.rb:479:in `call'
  railties (3.2.3) lib/rails/application.rb:220:in `call'
  rack (1.4.1) lib/rack/content_length.rb:14:in `call'
  railties (3.2.3) lib/rails/rack/log_tailer.rb:14:in `call'
  rack (1.4.1) lib/rack/handler/webrick.rb:59:in `service'
  /home/uzziel/.rvm/rubies/ruby-1.9.3-p125/lib/ruby/1.9.1/webrick/httpserver.rb:138:in `service'
  /home/uzziel/.rvm/rubies/ruby-1.9.3-p125/lib/ruby/1.9.1/webrick/httpserver.rb:94:in `run'
  /home/uzziel/.rvm/rubies/ruby-1.9.3-p125/lib/ruby/1.9.1/webrick/server.rb:191:in `block in start_thread'


  Rendered /home/uzziel/.rvm/gems/ruby-1.9.3-p125/gems/actionpack-3.2.3/lib/action_dispatch/middleware/templates/rescues/_trace.erb (5.2ms)
  Rendered /home/uzziel/.rvm/gems/ruby-1.9.3-p125/gems/actionpack-3.2.3/lib/action_dispatch/middleware/templates/rescues/_request_and_response.erb (1.6ms)
  Rendered /home/uzziel/.rvm/gems/ruby-1.9.3-p125/gems/actionpack-3.2.3/lib/action_dispatch/middleware/templates/rescues/template_error.erb within rescues/layout (18.4ms)


Started GET "/songs" for 127.0.0.1 at 2012-05-31 12:30:16 -0600
Processing by SongsController#index as HTML
  Rendered songs/index.html.erb within layouts/application (40.3ms)
Completed 500 Internal Server Error in 77ms

ActionView::Template::Error (undefined local variable or method `f' for #<#<Class:0xb4849518>:0xb4040f60>):
    1: <h1>Search a song</h1>
    2:   <p>
    3:     petition
    4:     <%= f.text_field :petition %>
    5:   </p>
    6:   <p>
    7:     <%= f.submit %>
  app/views/songs/index.html.erb:4:in `_app_views_songs_index_html_erb___375917152_88380080'


  Rendered /home/uzziel/.rvm/gems/ruby-1.9.3-p125/gems/actionpack-3.2.3/lib/action_dispatch/middleware/templates/rescues/_trace.erb (5.2ms)
  Rendered /home/uzziel/.rvm/gems/ruby-1.9.3-p125/gems/actionpack-3.2.3/lib/action_dispatch/middleware/templates/rescues/_request_and_response.erb (1.4ms)
  Rendered /home/uzziel/.rvm/gems/ruby-1.9.3-p125/gems/actionpack-3.2.3/lib/action_dispatch/middleware/templates/rescues/template_error.erb within rescues/layout (15.2ms)


Started GET "/songs" for 127.0.0.1 at 2012-05-31 12:32:48 -0600
Processing by SongsController#index as HTML
  Rendered songs/index.html.erb within layouts/application (4.0ms)
Completed 200 OK in 82ms (Views: 81.3ms | ActiveRecord: 0.0ms)


Started GET "/assets/application.css?body=1" for 127.0.0.1 at 2012-05-31 12:32:49 -0600
Served asset /application.css - 304 Not Modified (4ms)


Started GET "/assets/songs.css?body=1" for 127.0.0.1 at 2012-05-31 12:32:49 -0600
Served asset /songs.css - 304 Not Modified (3ms)


Started GET "/assets/jquery.js?body=1" for 127.0.0.1 at 2012-05-31 12:32:49 -0600
Served asset /jquery.js - 304 Not Modified (4ms)


Started GET "/assets/jquery_ujs.js?body=1" for 127.0.0.1 at 2012-05-31 12:32:49 -0600
Served asset /jquery_ujs.js - 304 Not Modified (6ms)


Started GET "/assets/songs.js?body=1" for 127.0.0.1 at 2012-05-31 12:32:49 -0600
Served asset /songs.js - 304 Not Modified (3ms)


Started GET "/assets/application.js?body=1" for 127.0.0.1 at 2012-05-31 12:32:49 -0600
Served asset /application.js - 304 Not Modified (8ms)
  [1m[36m (0.1ms)[0m  [1mSELECT "schema_migrations"."version" FROM "schema_migrations" [0m
Migrating to CreateSongs (20120531175934)
Migrating to CreateUsers (20120531200045)
  [1m[35m (0.1ms)[0m  select sqlite_version(*)
  [1m[36m (0.1ms)[0m  [1mbegin transaction[0m
  [1m[35m (0.6ms)[0m  CREATE TABLE "users" ("id" INTEGER PRIMARY KEY AUTOINCREMENT NOT NULL, "email" varchar(255), "username" varchar(255), "created_at" datetime NOT NULL, "updated_at" datetime NOT NULL) 
  [1m[36m (0.2ms)[0m  [1mINSERT INTO "schema_migrations" ("version") VALUES ('20120531200045')[0m
  [1m[35m (239.3ms)[0m  commit transaction
  [1m[36m (0.3ms)[0m  [1mselect sqlite_version(*)[0m
  [1m[35m (0.1ms)[0m  SELECT "schema_migrations"."version" FROM "schema_migrations" 
  [1m[36m (0.0ms)[0m  [1mPRAGMA index_list("songs")[0m
  [1m[35m (0.0ms)[0m  PRAGMA index_list("users")
  [1m[36m (0.2ms)[0m  [1mSELECT "schema_migrations"."version" FROM "schema_migrations" [0m
Migrating to CreateSongs (20120531175934)
Migrating to CreateUsers (20120531200045)
Migrating to AddUserIdToSongs (20120531200319)
  [1m[35m (0.1ms)[0m  select sqlite_version(*)
  [1m[36m (0.1ms)[0m  [1mbegin transaction[0m
  [1m[35m (0.6ms)[0m  ALTER TABLE "songs" ADD "user_id" integer
  [1m[36m (0.2ms)[0m  [1mINSERT INTO "schema_migrations" ("version") VALUES ('20120531200319')[0m
  [1m[35m (253.0ms)[0m  commit transaction
  [1m[36m (0.4ms)[0m  [1mselect sqlite_version(*)[0m
  [1m[35m (0.1ms)[0m  SELECT "schema_migrations"."version" FROM "schema_migrations" 
  [1m[36m (0.0ms)[0m  [1mPRAGMA index_list("songs")[0m
  [1m[35m (0.0ms)[0m  PRAGMA index_list("users")


Started GET "/" for 127.0.0.1 at 2012-06-01 11:32:11 -0600
Processing by HomeController#index as HTML
  Rendered home/index.html.erb within layouts/application (3.9ms)
Compiled home.css  (92ms)  (pid 3008)
Compiled scaffolds.css  (17ms)  (pid 3008)
Compiled users.css  (1ms)  (pid 3008)
Compiled application.css  (220ms)  (pid 3008)
Compiled home.js  (142ms)  (pid 3008)
Compiled users.js  (1ms)  (pid 3008)
Compiled application.js  (208ms)  (pid 3008)
Completed 200 OK in 963ms (Views: 962.7ms | ActiveRecord: 0.0ms)


Started GET "/assets/songs.css?body=1" for 127.0.0.1 at 2012-06-01 11:32:14 -0600
Served asset /songs.css - 304 Not Modified (2ms)


Started GET "/assets/application.css?body=1" for 127.0.0.1 at 2012-06-01 11:32:14 -0600
Served asset /application.css - 304 Not Modified (10ms)


Started GET "/assets/jquery_ujs.js?body=1" for 127.0.0.1 at 2012-06-01 11:32:14 -0600
Served asset /jquery_ujs.js - 304 Not Modified (5ms)


Started GET "/assets/songs.js?body=1" for 127.0.0.1 at 2012-06-01 11:32:14 -0600
Served asset /songs.js - 304 Not Modified (2ms)


Started GET "/assets/jquery.js?body=1" for 127.0.0.1 at 2012-06-01 11:32:14 -0600
Served asset /jquery.js - 304 Not Modified (42ms)


Started GET "/assets/application.js?body=1" for 127.0.0.1 at 2012-06-01 11:32:14 -0600
Served asset /application.js - 304 Not Modified (12ms)


Started GET "/assets/scaffolds.css?body=1" for 127.0.0.1 at 2012-06-01 11:32:14 -0600
Served asset /scaffolds.css - 304 Not Modified (2ms)


Started GET "/assets/users.js?body=1" for 127.0.0.1 at 2012-06-01 11:32:14 -0600
Served asset /users.js - 304 Not Modified (2ms)


Started GET "/assets/home.css?body=1" for 127.0.0.1 at 2012-06-01 11:32:14 -0600
Served asset /home.css - 304 Not Modified (2ms)


Started GET "/assets/home.js?body=1" for 127.0.0.1 at 2012-06-01 11:32:14 -0600
Served asset /home.js - 304 Not Modified (3ms)


Started GET "/assets/users.css?body=1" for 127.0.0.1 at 2012-06-01 11:32:14 -0600
Served asset /users.css - 304 Not Modified (3ms)


Started GET "/" for 127.0.0.1 at 2012-06-03 05:52:48 -0600
Processing by HomeController#index as HTML
  Rendered home/index.html.erb within layouts/application (3.9ms)
Completed 200 OK in 412ms (Views: 411.7ms | ActiveRecord: 0.0ms)


Started GET "/assets/application.css?body=1" for 127.0.0.1 at 2012-06-03 05:52:50 -0600
Served asset /application.css - 304 Not Modified (14ms)


Started GET "/assets/songs.css?body=1" for 127.0.0.1 at 2012-06-03 05:52:50 -0600
Served asset /songs.css - 304 Not Modified (1ms)


Started GET "/assets/users.css?body=1" for 127.0.0.1 at 2012-06-03 05:52:50 -0600
Served asset /users.css - 304 Not Modified (2ms)


Started GET "/assets/scaffolds.css?body=1" for 127.0.0.1 at 2012-06-03 05:52:50 -0600
Served asset /scaffolds.css - 304 Not Modified (2ms)


Started GET "/assets/home.css?body=1" for 127.0.0.1 at 2012-06-03 05:52:50 -0600
Served asset /home.css - 304 Not Modified (2ms)


Started GET "/assets/jquery.js?body=1" for 127.0.0.1 at 2012-06-03 05:52:50 -0600
Served asset /jquery.js - 304 Not Modified (33ms)


Started GET "/assets/jquery_ujs.js?body=1" for 127.0.0.1 at 2012-06-03 05:52:50 -0600
Served asset /jquery_ujs.js - 304 Not Modified (2ms)


Started GET "/assets/songs.js?body=1" for 127.0.0.1 at 2012-06-03 05:52:50 -0600
Served asset /songs.js - 304 Not Modified (2ms)


Started GET "/assets/application.js?body=1" for 127.0.0.1 at 2012-06-03 05:52:50 -0600
Served asset /application.js - 304 Not Modified (11ms)


Started GET "/assets/home.js?body=1" for 127.0.0.1 at 2012-06-03 05:52:50 -0600
Served asset /home.js - 304 Not Modified (3ms)


Started GET "/assets/users.js?body=1" for 127.0.0.1 at 2012-06-03 05:52:50 -0600
Served asset /users.js - 304 Not Modified (2ms)


Started GET "/" for 127.0.0.1 at 2012-06-03 07:16:58 -0600
Processing by HomeController#index as HTML
  Rendered home/index.html.erb within layouts/application (4.6ms)
Completed 200 OK in 579ms (Views: 578.1ms | ActiveRecord: 0.0ms)


Started GET "/assets/songs.css?body=1" for 127.0.0.1 at 2012-06-03 07:17:00 -0600
Served asset /songs.css - 304 Not Modified (2ms)


Started GET "/assets/application.css?body=1" for 127.0.0.1 at 2012-06-03 07:17:00 -0600
Served asset /application.css - 304 Not Modified (10ms)


Started GET "/assets/jquery_ujs.js?body=1" for 127.0.0.1 at 2012-06-03 07:17:00 -0600
Served asset /jquery_ujs.js - 304 Not Modified (26ms)


Started GET "/assets/users.css?body=1" for 127.0.0.1 at 2012-06-03 07:17:00 -0600
Served asset /users.css - 304 Not Modified (2ms)


Started GET "/assets/home.js?body=1" for 127.0.0.1 at 2012-06-03 07:17:00 -0600
Served asset /home.js - 304 Not Modified (2ms)


Started GET "/assets/jquery.js?body=1" for 127.0.0.1 at 2012-06-03 07:17:00 -0600
Served asset /jquery.js - 304 Not Modified (9ms)


Started GET "/assets/songs.js?body=1" for 127.0.0.1 at 2012-06-03 07:17:00 -0600
Served asset /songs.js - 304 Not Modified (2ms)


Started GET "/assets/application.js?body=1" for 127.0.0.1 at 2012-06-03 07:17:00 -0600
Served asset /application.js - 304 Not Modified (11ms)


Started GET "/assets/users.js?body=1" for 127.0.0.1 at 2012-06-03 07:17:00 -0600
Served asset /users.js - 304 Not Modified (2ms)


Started GET "/assets/home.css?body=1" for 127.0.0.1 at 2012-06-03 07:17:00 -0600
Served asset /home.css - 304 Not Modified (2ms)


Started GET "/assets/scaffolds.css?body=1" for 127.0.0.1 at 2012-06-03 07:17:01 -0600
Served asset /scaffolds.css - 304 Not Modified (4ms)


Started GET "/" for 127.0.0.1 at 2012-06-03 07:19:00 -0600
Processing by HomeController#index as HTML
  Rendered home/index.html.erb within layouts/application (3.8ms)
Completed 200 OK in 69ms (Views: 69.0ms | ActiveRecord: 0.0ms)


Started GET "/assets/application.css?body=1" for 127.0.0.1 at 2012-06-03 07:19:00 -0600
Served asset /application.css - 304 Not Modified (6ms)


Started GET "/assets/songs.css?body=1" for 127.0.0.1 at 2012-06-03 07:19:00 -0600
Served asset /songs.css - 304 Not Modified (2ms)


Started GET "/assets/scaffolds.css?body=1" for 127.0.0.1 at 2012-06-03 07:19:00 -0600
Served asset /scaffolds.css - 304 Not Modified (2ms)


Started GET "/assets/home.css?body=1" for 127.0.0.1 at 2012-06-03 07:19:00 -0600
Served asset /home.css - 304 Not Modified (2ms)


Started GET "/assets/users.css?body=1" for 127.0.0.1 at 2012-06-03 07:19:00 -0600
Served asset /users.css - 304 Not Modified (6ms)


Started GET "/assets/jquery_ujs.js?body=1" for 127.0.0.1 at 2012-06-03 07:19:00 -0600
Served asset /jquery_ujs.js - 304 Not Modified (4ms)


Started GET "/assets/jquery.js?body=1" for 127.0.0.1 at 2012-06-03 07:19:00 -0600
Served asset /jquery.js - 304 Not Modified (4ms)


Started GET "/assets/home.js?body=1" for 127.0.0.1 at 2012-06-03 07:19:00 -0600
Served asset /home.js - 304 Not Modified (2ms)


Started GET "/assets/songs.js?body=1" for 127.0.0.1 at 2012-06-03 07:19:00 -0600
Served asset /songs.js - 304 Not Modified (2ms)


Started GET "/assets/users.js?body=1" for 127.0.0.1 at 2012-06-03 07:19:00 -0600
Served asset /users.js - 304 Not Modified (3ms)


Started GET "/assets/application.js?body=1" for 127.0.0.1 at 2012-06-03 07:19:00 -0600
Served asset /application.js - 304 Not Modified (16ms)


Started GET "/" for 127.0.0.1 at 2012-06-03 07:20:22 -0600
Processing by HomeController#index as HTML
  Rendered home/index.html.erb within layouts/application (3.6ms)
Completed 200 OK in 70ms (Views: 69.4ms | ActiveRecord: 0.0ms)


Started GET "/assets/application.css?body=1" for 127.0.0.1 at 2012-06-03 07:20:22 -0600
Served asset /application.css - 304 Not Modified (17ms)


Started GET "/assets/jquery.js?body=1" for 127.0.0.1 at 2012-06-03 07:20:22 -0600
Served asset /jquery.js - 304 Not Modified (4ms)


Started GET "/assets/songs.css?body=1" for 127.0.0.1 at 2012-06-03 07:20:22 -0600
Served asset /songs.css - 304 Not Modified (2ms)


Started GET "/assets/users.css?body=1" for 127.0.0.1 at 2012-06-03 07:20:23 -0600
Served asset /users.css - 304 Not Modified (2ms)


Started GET "/assets/home.css?body=1" for 127.0.0.1 at 2012-06-03 07:20:23 -0600
Served asset /home.css - 304 Not Modified (2ms)


Started GET "/assets/scaffolds.css?body=1" for 127.0.0.1 at 2012-06-03 07:20:23 -0600
Served asset /scaffolds.css - 304 Not Modified (2ms)


Started GET "/assets/jquery_ujs.js?body=1" for 127.0.0.1 at 2012-06-03 07:20:23 -0600
Served asset /jquery_ujs.js - 304 Not Modified (3ms)


Started GET "/assets/users.js?body=1" for 127.0.0.1 at 2012-06-03 07:20:23 -0600
Served asset /users.js - 304 Not Modified (2ms)


Started GET "/assets/songs.js?body=1" for 127.0.0.1 at 2012-06-03 07:20:23 -0600
Served asset /songs.js - 304 Not Modified (2ms)


Started GET "/assets/home.js?body=1" for 127.0.0.1 at 2012-06-03 07:20:23 -0600
Served asset /home.js - 304 Not Modified (2ms)


Started GET "/assets/application.js?body=1" for 127.0.0.1 at 2012-06-03 07:20:23 -0600
Served asset /application.js - 304 Not Modified (47ms)


Started GET "/" for 127.0.0.1 at 2012-06-03 07:20:42 -0600
Processing by HomeController#index as HTML
  Rendered home/index.html.erb within layouts/application (3.8ms)
Completed 200 OK in 69ms (Views: 68.6ms | ActiveRecord: 0.0ms)


Started GET "/assets/application.css?body=1" for 127.0.0.1 at 2012-06-03 07:20:43 -0600
Served asset /application.css - 304 Not Modified (16ms)


Started GET "/assets/home.css?body=1" for 127.0.0.1 at 2012-06-03 07:20:43 -0600
Served asset /home.css - 304 Not Modified (2ms)


Started GET "/assets/scaffolds.css?body=1" for 127.0.0.1 at 2012-06-03 07:20:43 -0600
Served asset /scaffolds.css - 304 Not Modified (2ms)


Started GET "/assets/jquery.js?body=1" for 127.0.0.1 at 2012-06-03 07:20:43 -0600
Served asset /jquery.js - 304 Not Modified (7ms)


Started GET "/assets/songs.css?body=1" for 127.0.0.1 at 2012-06-03 07:20:43 -0600
Served asset /songs.css - 304 Not Modified (2ms)


Started GET "/assets/users.css?body=1" for 127.0.0.1 at 2012-06-03 07:20:43 -0600
Served asset /users.css - 304 Not Modified (3ms)


Started GET "/assets/jquery_ujs.js?body=1" for 127.0.0.1 at 2012-06-03 07:20:43 -0600
Served asset /jquery_ujs.js - 304 Not Modified (6ms)


Started GET "/assets/songs.js?body=1" for 127.0.0.1 at 2012-06-03 07:20:43 -0600
Served asset /songs.js - 304 Not Modified (3ms)


Started GET "/assets/users.js?body=1" for 127.0.0.1 at 2012-06-03 07:20:43 -0600
Served asset /users.js - 304 Not Modified (4ms)


Started GET "/assets/home.js?body=1" for 127.0.0.1 at 2012-06-03 07:20:43 -0600
Served asset /home.js - 304 Not Modified (2ms)


Started GET "/assets/application.js?body=1" for 127.0.0.1 at 2012-06-03 07:20:43 -0600
Served asset /application.js - 304 Not Modified (50ms)


Started GET "/" for 127.0.0.1 at 2012-06-03 07:24:45 -0600
Processing by HomeController#index as HTML
  Rendered home/index.html.erb within layouts/application (5.0ms)
Completed 200 OK in 72ms (Views: 71.8ms | ActiveRecord: 0.0ms)


Started GET "/assets/application.css?body=1" for 127.0.0.1 at 2012-06-03 07:24:46 -0600
Served asset /application.css - 304 Not Modified (10ms)


Started GET "/assets/home.css?body=1" for 127.0.0.1 at 2012-06-03 07:24:46 -0600
Served asset /home.css - 304 Not Modified (4ms)


Started GET "/assets/scaffolds.css?body=1" for 127.0.0.1 at 2012-06-03 07:24:46 -0600
Served asset /scaffolds.css - 304 Not Modified (2ms)


Started GET "/assets/songs.css?body=1" for 127.0.0.1 at 2012-06-03 07:24:46 -0600
Served asset /songs.css - 304 Not Modified (3ms)


Started GET "/assets/users.css?body=1" for 127.0.0.1 at 2012-06-03 07:24:46 -0600
Served asset /users.css - 304 Not Modified (2ms)


Started GET "/assets/jquery.js?body=1" for 127.0.0.1 at 2012-06-03 07:24:46 -0600
Served asset /jquery.js - 304 Not Modified (11ms)


Started GET "/assets/jquery_ujs.js?body=1" for 127.0.0.1 at 2012-06-03 07:24:46 -0600
Served asset /jquery_ujs.js - 304 Not Modified (7ms)


Started GET "/assets/home.js?body=1" for 127.0.0.1 at 2012-06-03 07:24:46 -0600
Served asset /home.js - 304 Not Modified (2ms)


Started GET "/assets/songs.js?body=1" for 127.0.0.1 at 2012-06-03 07:24:46 -0600
Served asset /songs.js - 304 Not Modified (2ms)


Started GET "/assets/users.js?body=1" for 127.0.0.1 at 2012-06-03 07:24:46 -0600
Served asset /users.js - 304 Not Modified (2ms)


Started GET "/assets/application.js?body=1" for 127.0.0.1 at 2012-06-03 07:24:46 -0600
Served asset /application.js - 304 Not Modified (43ms)


Started GET "/users/new" for 127.0.0.1 at 2012-06-03 07:24:49 -0600
Processing by UsersController#new as HTML
  Rendered users/_form.html.erb (71.7ms)
  Rendered users/new.html.erb within layouts/application (125.1ms)
Completed 200 OK in 317ms (Views: 172.1ms | ActiveRecord: 26.0ms)


Started GET "/assets/application.css?body=1" for 127.0.0.1 at 2012-06-03 07:24:49 -0600
Served asset /application.css - 304 Not Modified (1ms)


Started GET "/assets/home.css?body=1" for 127.0.0.1 at 2012-06-03 07:24:49 -0600
Served asset /home.css - 304 Not Modified (0ms)


Started GET "/assets/scaffolds.css?body=1" for 127.0.0.1 at 2012-06-03 07:24:49 -0600
Served asset /scaffolds.css - 304 Not Modified (0ms)


Started GET "/assets/songs.css?body=1" for 127.0.0.1 at 2012-06-03 07:24:49 -0600
Served asset /songs.css - 304 Not Modified (0ms)


Started GET "/assets/users.css?body=1" for 127.0.0.1 at 2012-06-03 07:24:49 -0600
Served asset /users.css - 304 Not Modified (0ms)


Started GET "/assets/jquery_ujs.js?body=1" for 127.0.0.1 at 2012-06-03 07:24:49 -0600
Served asset /jquery_ujs.js - 304 Not Modified (0ms)


Started GET "/assets/jquery.js?body=1" for 127.0.0.1 at 2012-06-03 07:24:49 -0600
Served asset /jquery.js - 304 Not Modified (1ms)


Started GET "/assets/home.js?body=1" for 127.0.0.1 at 2012-06-03 07:24:49 -0600
Served asset /home.js - 304 Not Modified (0ms)


Started GET "/assets/songs.js?body=1" for 127.0.0.1 at 2012-06-03 07:24:49 -0600
Served asset /songs.js - 304 Not Modified (0ms)


Started GET "/assets/users.js?body=1" for 127.0.0.1 at 2012-06-03 07:24:49 -0600
Served asset /users.js - 304 Not Modified (0ms)


Started GET "/assets/application.js?body=1" for 127.0.0.1 at 2012-06-03 07:24:49 -0600
Served asset /application.js - 304 Not Modified (2ms)


Started GET "/" for 127.0.0.1 at 2012-06-05 14:11:58 -0600
Processing by HomeController#index as HTML
  Rendered home/index.html.erb within layouts/application (6.4ms)
Completed 200 OK in 469ms (Views: 468.1ms | ActiveRecord: 0.0ms)


Started GET "/assets/songs.css?body=1" for 127.0.0.1 at 2012-06-05 14:12:01 -0600
Served asset /songs.css - 200 OK (2ms)


Started GET "/assets/jquery.js?body=1" for 127.0.0.1 at 2012-06-05 14:12:01 -0600
Served asset /jquery.js - 304 Not Modified (46ms)


Started GET "/assets/home.css?body=1" for 127.0.0.1 at 2012-06-05 14:12:01 -0600
Served asset /home.css - 304 Not Modified (5ms)


Started GET "/assets/users.css?body=1" for 127.0.0.1 at 2012-06-05 14:12:01 -0600
Served asset /users.css - 304 Not Modified (2ms)


Started GET "/assets/application.css?body=1" for 127.0.0.1 at 2012-06-05 14:12:01 -0600
Served asset /application.css - 304 Not Modified (13ms)


Started GET "/assets/songs.js?body=1" for 127.0.0.1 at 2012-06-05 14:12:01 -0600
Served asset /songs.js - 200 OK (2ms)


Started GET "/assets/jquery_ujs.js?body=1" for 127.0.0.1 at 2012-06-05 14:12:01 -0600
Served asset /jquery_ujs.js - 304 Not Modified (2ms)


Started GET "/assets/home.js?body=1" for 127.0.0.1 at 2012-06-05 14:12:01 -0600
Served asset /home.js - 304 Not Modified (3ms)


Started GET "/assets/users.js?body=1" for 127.0.0.1 at 2012-06-05 14:12:01 -0600
Served asset /users.js - 304 Not Modified (2ms)


Started GET "/assets/application.js?body=1" for 127.0.0.1 at 2012-06-05 14:12:01 -0600
Served asset /application.js - 304 Not Modified (41ms)


Started GET "/assets/scaffolds.css?body=1" for 127.0.0.1 at 2012-06-05 14:12:01 -0600
Served asset /scaffolds.css - 304 Not Modified (2ms)


Started GET "/songs" for 127.0.0.1 at 2012-06-05 14:12:27 -0600
Processing by SongsController#index as HTML
  [1m[36mSong Load (0.2ms)[0m  [1mSELECT "songs".* FROM "songs" [0m
  Rendered songs/index.html.erb within layouts/application (0.4ms)
Completed 200 OK in 158ms (Views: 43.5ms | ActiveRecord: 4.0ms)


Started GET "/assets/application.css?body=1" for 127.0.0.1 at 2012-06-05 14:12:28 -0600
Served asset /application.css - 304 Not Modified (1ms)


Started GET "/assets/users.css?body=1" for 127.0.0.1 at 2012-06-05 14:12:28 -0600
Served asset /users.css - 304 Not Modified (4ms)


Started GET "/assets/scaffolds.css?body=1" for 127.0.0.1 at 2012-06-05 14:12:28 -0600
Served asset /scaffolds.css - 304 Not Modified (0ms)


Started GET "/assets/home.css?body=1" for 127.0.0.1 at 2012-06-05 14:12:28 -0600
Served asset /home.css - 304 Not Modified (0ms)


Started GET "/assets/jquery.js?body=1" for 127.0.0.1 at 2012-06-05 14:12:28 -0600
Served asset /jquery.js - 304 Not Modified (3ms)


Started GET "/assets/jquery_ujs.js?body=1" for 127.0.0.1 at 2012-06-05 14:12:28 -0600
Served asset /jquery_ujs.js - 304 Not Modified (2ms)


Started GET "/assets/users.js?body=1" for 127.0.0.1 at 2012-06-05 14:12:28 -0600
Served asset /users.js - 304 Not Modified (0ms)


Started GET "/assets/home.js?body=1" for 127.0.0.1 at 2012-06-05 14:12:28 -0600
Served asset /home.js - 304 Not Modified (0ms)


Started GET "/assets/application.js?body=1" for 127.0.0.1 at 2012-06-05 14:12:28 -0600
Served asset /application.js - 304 Not Modified (3ms)


Started GET "/songs" for 127.0.0.1 at 2012-06-05 14:24:25 -0600
Processing by SongsController#index as HTML
  [1m[36mSong Load (0.2ms)[0m  [1mSELECT "songs".* FROM "songs" [0m
  Rendered songs/index.html.erb within layouts/application (3.9ms)
Completed 200 OK in 126ms (Views: 70.0ms | ActiveRecord: 3.3ms)


Started GET "/assets/application.css?body=1" for 127.0.0.1 at 2012-06-05 14:24:26 -0600
Served asset /application.css - 304 Not Modified (11ms)


Started GET "/assets/users.css?body=1" for 127.0.0.1 at 2012-06-05 14:24:26 -0600
Served asset /users.css - 304 Not Modified (30ms)


Started GET "/assets/scaffolds.css?body=1" for 127.0.0.1 at 2012-06-05 14:24:26 -0600
Served asset /scaffolds.css - 304 Not Modified (4ms)


Started GET "/assets/home.css?body=1" for 127.0.0.1 at 2012-06-05 14:24:26 -0600
Served asset /home.css - 304 Not Modified (2ms)


Started GET "/assets/songs.css?body=1" for 127.0.0.1 at 2012-06-05 14:24:26 -0600
Served asset /songs.css - 304 Not Modified (2ms)


Started GET "/assets/jquery.js?body=1" for 127.0.0.1 at 2012-06-05 14:24:26 -0600
Served asset /jquery.js - 304 Not Modified (4ms)


Started GET "/assets/home.js?body=1" for 127.0.0.1 at 2012-06-05 14:24:26 -0600
Served asset /home.js - 304 Not Modified (7ms)


Started GET "/assets/jquery_ujs.js?body=1" for 127.0.0.1 at 2012-06-05 14:24:26 -0600
Served asset /jquery_ujs.js - 304 Not Modified (2ms)


Started GET "/assets/users.js?body=1" for 127.0.0.1 at 2012-06-05 14:24:26 -0600
Served asset /users.js - 304 Not Modified (2ms)


Started GET "/assets/songs.js?body=1" for 127.0.0.1 at 2012-06-05 14:24:26 -0600
Served asset /songs.js - 304 Not Modified (1ms)


Started GET "/assets/application.js?body=1" for 127.0.0.1 at 2012-06-05 14:24:26 -0600
Served asset /application.js - 304 Not Modified (11ms)


Started GET "/" for 127.0.0.1 at 2012-06-05 14:25:36 -0600
Processing by HomeController#index as HTML
  Rendered home/index.html.erb within layouts/application (2.1ms)
Completed 200 OK in 17ms (Views: 16.0ms | ActiveRecord: 0.0ms)


Started GET "/assets/application.css?body=1" for 127.0.0.1 at 2012-06-05 14:25:36 -0600
Served asset /application.css - 304 Not Modified (1ms)


Started GET "/assets/home.css?body=1" for 127.0.0.1 at 2012-06-05 14:25:36 -0600
Served asset /home.css - 304 Not Modified (0ms)


Started GET "/assets/scaffolds.css?body=1" for 127.0.0.1 at 2012-06-05 14:25:36 -0600
Served asset /scaffolds.css - 304 Not Modified (0ms)


Started GET "/assets/songs.css?body=1" for 127.0.0.1 at 2012-06-05 14:25:36 -0600
Served asset /songs.css - 304 Not Modified (0ms)


Started GET "/assets/users.css?body=1" for 127.0.0.1 at 2012-06-05 14:25:37 -0600
Served asset /users.css - 304 Not Modified (0ms)


Started GET "/assets/jquery.js?body=1" for 127.0.0.1 at 2012-06-05 14:25:37 -0600
Served asset /jquery.js - 304 Not Modified (7ms)


Started GET "/assets/jquery_ujs.js?body=1" for 127.0.0.1 at 2012-06-05 14:25:37 -0600
Served asset /jquery_ujs.js - 304 Not Modified (0ms)


Started GET "/assets/songs.js?body=1" for 127.0.0.1 at 2012-06-05 14:25:37 -0600
Served asset /songs.js - 304 Not Modified (0ms)


Started GET "/assets/home.js?body=1" for 127.0.0.1 at 2012-06-05 14:25:37 -0600
Served asset /home.js - 304 Not Modified (0ms)


Started GET "/assets/users.js?body=1" for 127.0.0.1 at 2012-06-05 14:25:37 -0600
Served asset /users.js - 304 Not Modified (0ms)


Started GET "/assets/application.js?body=1" for 127.0.0.1 at 2012-06-05 14:25:37 -0600
Served asset /application.js - 304 Not Modified (1ms)


Started GET "/songs" for 127.0.0.1 at 2012-06-05 14:25:38 -0600
Processing by SongsController#index as HTML
  [1m[35mSong Load (0.3ms)[0m  SELECT "songs".* FROM "songs" 
  Rendered songs/index.html.erb within layouts/application (0.4ms)
Completed 200 OK in 17ms (Views: 15.3ms | ActiveRecord: 0.3ms)


Started GET "/assets/application.css?body=1" for 127.0.0.1 at 2012-06-05 14:25:38 -0600
Served asset /application.css - 304 Not Modified (1ms)


Started GET "/assets/home.css?body=1" for 127.0.0.1 at 2012-06-05 14:25:38 -0600
Served asset /home.css - 304 Not Modified (0ms)


Started GET "/assets/scaffolds.css?body=1" for 127.0.0.1 at 2012-06-05 14:25:38 -0600
Served asset /scaffolds.css - 304 Not Modified (0ms)


Started GET "/assets/users.css?body=1" for 127.0.0.1 at 2012-06-05 14:25:38 -0600
Served asset /users.css - 304 Not Modified (0ms)


Started GET "/assets/jquery.js?body=1" for 127.0.0.1 at 2012-06-05 14:25:38 -0600
Served asset /jquery.js - 304 Not Modified (1ms)


Started GET "/assets/home.js?body=1" for 127.0.0.1 at 2012-06-05 14:25:38 -0600
Served asset /home.js - 304 Not Modified (0ms)


Started GET "/assets/jquery_ujs.js?body=1" for 127.0.0.1 at 2012-06-05 14:25:38 -0600
Served asset /jquery_ujs.js - 304 Not Modified (0ms)


Started GET "/assets/songs.css?body=1" for 127.0.0.1 at 2012-06-05 14:25:38 -0600
Served asset /songs.css - 304 Not Modified (0ms)


Started GET "/assets/songs.js?body=1" for 127.0.0.1 at 2012-06-05 14:25:38 -0600
Served asset /songs.js - 304 Not Modified (0ms)


Started GET "/assets/users.js?body=1" for 127.0.0.1 at 2012-06-05 14:25:38 -0600
Served asset /users.js - 304 Not Modified (0ms)


Started GET "/assets/application.js?body=1" for 127.0.0.1 at 2012-06-05 14:25:38 -0600
Served asset /application.js - 304 Not Modified (1ms)


Started GET "/songs" for 127.0.0.1 at 2012-06-05 14:28:12 -0600
Processing by SongsController#index as HTML
  [1m[36mSong Load (0.2ms)[0m  [1mSELECT "songs".* FROM "songs" [0m
  Rendered songs/index.html.erb within layouts/application (4.5ms)
Completed 200 OK in 128ms (Views: 72.4ms | ActiveRecord: 3.5ms)


Started GET "/assets/application.css?body=1" for 127.0.0.1 at 2012-06-05 14:28:12 -0600
Served asset /application.css - 304 Not Modified (16ms)


Started GET "/assets/scaffolds.css?body=1" for 127.0.0.1 at 2012-06-05 14:28:12 -0600
Served asset /scaffolds.css - 304 Not Modified (31ms)


Started GET "/assets/home.css?body=1" for 127.0.0.1 at 2012-06-05 14:28:12 -0600
Served asset /home.css - 304 Not Modified (6ms)


Started GET "/assets/songs.css?body=1" for 127.0.0.1 at 2012-06-05 14:28:12 -0600
Served asset /songs.css - 304 Not Modified (2ms)


Started GET "/assets/users.css?body=1" for 127.0.0.1 at 2012-06-05 14:28:12 -0600
Served asset /users.css - 304 Not Modified (2ms)


Started GET "/assets/jquery.js?body=1" for 127.0.0.1 at 2012-06-05 14:28:12 -0600
Served asset /jquery.js - 304 Not Modified (8ms)


Started GET "/assets/jquery_ujs.js?body=1" for 127.0.0.1 at 2012-06-05 14:28:12 -0600
Served asset /jquery_ujs.js - 304 Not Modified (4ms)


Started GET "/assets/home.js?body=1" for 127.0.0.1 at 2012-06-05 14:28:12 -0600
Served asset /home.js - 304 Not Modified (2ms)


Started GET "/assets/songs.js?body=1" for 127.0.0.1 at 2012-06-05 14:28:12 -0600
Served asset /songs.js - 304 Not Modified (1ms)


Started GET "/assets/users.js?body=1" for 127.0.0.1 at 2012-06-05 14:28:12 -0600
Served asset /users.js - 304 Not Modified (1ms)


Started GET "/assets/application.js?body=1" for 127.0.0.1 at 2012-06-05 14:28:12 -0600
Served asset /application.js - 304 Not Modified (17ms)


Started GET "/new" for 127.0.0.1 at 2012-06-05 14:55:05 -0600

ActionController::RoutingError (No route matches [GET] "/new"):
  actionpack (3.2.3) lib/action_dispatch/middleware/debug_exceptions.rb:21:in `call'
  actionpack (3.2.3) lib/action_dispatch/middleware/show_exceptions.rb:56:in `call'
  railties (3.2.3) lib/rails/rack/logger.rb:26:in `call_app'
  railties (3.2.3) lib/rails/rack/logger.rb:16:in `call'
  actionpack (3.2.3) lib/action_dispatch/middleware/request_id.rb:22:in `call'
  rack (1.4.1) lib/rack/methodoverride.rb:21:in `call'
  rack (1.4.1) lib/rack/runtime.rb:17:in `call'
  activesupport (3.2.3) lib/active_support/cache/strategy/local_cache.rb:72:in `call'
  rack (1.4.1) lib/rack/lock.rb:15:in `call'
  actionpack (3.2.3) lib/action_dispatch/middleware/static.rb:62:in `call'
  railties (3.2.3) lib/rails/engine.rb:479:in `call'
  railties (3.2.3) lib/rails/application.rb:220:in `call'
  rack (1.4.1) lib/rack/content_length.rb:14:in `call'
  railties (3.2.3) lib/rails/rack/log_tailer.rb:14:in `call'
  rack (1.4.1) lib/rack/handler/webrick.rb:59:in `service'
  /home/uzziel/.rvm/rubies/ruby-1.9.3-p125/lib/ruby/1.9.1/webrick/httpserver.rb:138:in `service'
  /home/uzziel/.rvm/rubies/ruby-1.9.3-p125/lib/ruby/1.9.1/webrick/httpserver.rb:94:in `run'
  /home/uzziel/.rvm/rubies/ruby-1.9.3-p125/lib/ruby/1.9.1/webrick/server.rb:191:in `block in start_thread'


  Rendered /home/uzziel/.rvm/gems/ruby-1.9.3-p125/gems/actionpack-3.2.3/lib/action_dispatch/middleware/templates/rescues/routing_error.erb within rescues/layout (27.5ms)


Started GET "/" for 127.0.0.1 at 2012-06-05 14:55:35 -0600
Processing by HomeController#index as HTML
  Rendered home/index.html.erb within layouts/application (1.7ms)
Completed 200 OK in 32ms (Views: 31.1ms | ActiveRecord: 0.0ms)


Started GET "/assets/application.css?body=1" for 127.0.0.1 at 2012-06-05 14:55:35 -0600
Served asset /application.css - 304 Not Modified (31ms)


Started GET "/assets/home.css?body=1" for 127.0.0.1 at 2012-06-05 14:55:35 -0600
Served asset /home.css - 304 Not Modified (3ms)


Started GET "/assets/scaffolds.css?body=1" for 127.0.0.1 at 2012-06-05 14:55:35 -0600
Served asset /scaffolds.css - 304 Not Modified (2ms)


Started GET "/assets/songs.css?body=1" for 127.0.0.1 at 2012-06-05 14:55:35 -0600
Served asset /songs.css - 304 Not Modified (3ms)


Started GET "/assets/users.css?body=1" for 127.0.0.1 at 2012-06-05 14:55:35 -0600
Served asset /users.css - 304 Not Modified (6ms)


Started GET "/assets/jquery.js?body=1" for 127.0.0.1 at 2012-06-05 14:55:35 -0600
Served asset /jquery.js - 304 Not Modified (9ms)


Started GET "/assets/home.js?body=1" for 127.0.0.1 at 2012-06-05 14:55:35 -0600
Served asset /home.js - 304 Not Modified (2ms)


Started GET "/assets/jquery_ujs.js?body=1" for 127.0.0.1 at 2012-06-05 14:55:35 -0600
Served asset /jquery_ujs.js - 304 Not Modified (3ms)


Started GET "/assets/songs.js?body=1" for 127.0.0.1 at 2012-06-05 14:55:35 -0600
Served asset /songs.js - 304 Not Modified (1ms)


Started GET "/assets/users.js?body=1" for 127.0.0.1 at 2012-06-05 14:55:35 -0600
Served asset /users.js - 304 Not Modified (4ms)


Started GET "/assets/application.js?body=1" for 127.0.0.1 at 2012-06-05 14:55:35 -0600
Served asset /application.js - 304 Not Modified (15ms)


Started GET "/songs" for 127.0.0.1 at 2012-06-05 14:55:37 -0600
Processing by SongsController#index as HTML
  [1m[36mSong Load (0.2ms)[0m  [1mSELECT "songs".* FROM "songs" [0m
  Rendered songs/index.html.erb within layouts/application (0.4ms)
Completed 200 OK in 76ms (Views: 11.4ms | ActiveRecord: 4.1ms)


Started GET "/assets/application.css?body=1" for 127.0.0.1 at 2012-06-05 14:55:38 -0600
Served asset /application.css - 304 Not Modified (0ms)


Started GET "/assets/home.css?body=1" for 127.0.0.1 at 2012-06-05 14:55:38 -0600
Served asset /home.css - 304 Not Modified (0ms)


Started GET "/assets/scaffolds.css?body=1" for 127.0.0.1 at 2012-06-05 14:55:38 -0600
Served asset /scaffolds.css - 304 Not Modified (0ms)


Started GET "/assets/songs.css?body=1" for 127.0.0.1 at 2012-06-05 14:55:38 -0600
Served asset /songs.css - 304 Not Modified (0ms)


Started GET "/assets/users.css?body=1" for 127.0.0.1 at 2012-06-05 14:55:38 -0600
Served asset /users.css - 304 Not Modified (0ms)


Started GET "/assets/jquery_ujs.js?body=1" for 127.0.0.1 at 2012-06-05 14:55:38 -0600
Served asset /jquery_ujs.js - 304 Not Modified (0ms)


Started GET "/assets/jquery.js?body=1" for 127.0.0.1 at 2012-06-05 14:55:38 -0600
Served asset /jquery.js - 304 Not Modified (1ms)


Started GET "/assets/home.js?body=1" for 127.0.0.1 at 2012-06-05 14:55:38 -0600
Served asset /home.js - 304 Not Modified (0ms)


Started GET "/assets/songs.js?body=1" for 127.0.0.1 at 2012-06-05 14:55:38 -0600
Served asset /songs.js - 304 Not Modified (0ms)


Started GET "/assets/users.js?body=1" for 127.0.0.1 at 2012-06-05 14:55:38 -0600
Served asset /users.js - 304 Not Modified (0ms)


Started GET "/assets/application.js?body=1" for 127.0.0.1 at 2012-06-05 14:55:38 -0600
Served asset /application.js - 304 Not Modified (2ms)


Started GET "/songs/new" for 127.0.0.1 at 2012-06-05 14:58:38 -0600
Processing by SongsController#new as HTML
  Rendered songs/new.html.erb within layouts/application (75.3ms)
Completed 500 Internal Server Error in 102ms

ActionView::Template::Error (uninitialized constant ActionView::CompiledTemplates::Webservice):
    9:   <% end %>
    10: 
    11:   <p>
    12:   <% artist_includes = Webservice::ArtistIncludes.new(
    13:   :aliases      => true,
    14:   :releases     => ['Album', 'Official'],
    15:   :artist_rels  => true,
  app/views/songs/new.html.erb:12:in `block in _app_views_songs_new_html_erb__521514958_92554090'
  app/views/songs/new.html.erb:1:in `_app_views_songs_new_html_erb__521514958_92554090'


  Rendered /home/uzziel/.rvm/gems/ruby-1.9.3-p125/gems/actionpack-3.2.3/lib/action_dispatch/middleware/templates/rescues/_trace.erb (5.9ms)
  Rendered /home/uzziel/.rvm/gems/ruby-1.9.3-p125/gems/actionpack-3.2.3/lib/action_dispatch/middleware/templates/rescues/_request_and_response.erb (1.6ms)
  Rendered /home/uzziel/.rvm/gems/ruby-1.9.3-p125/gems/actionpack-3.2.3/lib/action_dispatch/middleware/templates/rescues/template_error.erb within rescues/layout (93.9ms)


Started GET "/songs/new" for 127.0.0.1 at 2012-06-05 15:07:17 -0600
Processing by SongsController#new as HTML
  Rendered songs/new.html.erb within layouts/application (47.2ms)
Completed 500 Internal Server Error in 157ms

ActionView::Template::Error (undefined method `include' for #<#<Class:0xb3e3174c>:0xb3e2fbf4>):
    10: 
    11:   <p>
    12:   <%require 'rbrainz' %>  
    13:   <% include MusicBrainz %>
    14:   <% artist_includes = Webservice::ArtistIncludes.new(
    15:   :aliases      => true,
    16:   :releases     => ['Album', 'Official'],
  app/views/songs/new.html.erb:13:in `block in _app_views_songs_new_html_erb___387214904_95309300'
  app/views/songs/new.html.erb:1:in `_app_views_songs_new_html_erb___387214904_95309300'


  Rendered /home/uzziel/.rvm/gems/ruby-1.9.3-p125/gems/actionpack-3.2.3/lib/action_dispatch/middleware/templates/rescues/_trace.erb (5.3ms)
  Rendered /home/uzziel/.rvm/gems/ruby-1.9.3-p125/gems/actionpack-3.2.3/lib/action_dispatch/middleware/templates/rescues/_request_and_response.erb (1.6ms)
  Rendered /home/uzziel/.rvm/gems/ruby-1.9.3-p125/gems/actionpack-3.2.3/lib/action_dispatch/middleware/templates/rescues/template_error.erb within rescues/layout (15.9ms)


Started GET "/songs/new" for 127.0.0.1 at 2012-06-05 15:14:44 -0600
Processing by SongsController#new as HTML
  Rendered songs/new.html.erb within layouts/application (40.3ms)
Completed 500 Internal Server Error in 150ms

ActionView::Template::Error (uninitialized constant ActionView::CompiledTemplates::Webservice):
    10: 
    11:   <p>
    12: 
    13:   <% artist_includes = Webservice::ArtistIncludes.new(
    14:   :aliases      => true,
    15:   :releases     => ['Album', 'Official'],
    16:   :artist_rels  => true,
  app/views/songs/new.html.erb:13:in `block in _app_views_songs_new_html_erb__707860438_79299050'
  app/views/songs/new.html.erb:1:in `_app_views_songs_new_html_erb__707860438_79299050'


  Rendered /home/uzziel/.rvm/gems/ruby-1.9.3-p125/gems/actionpack-3.2.3/lib/action_dispatch/middleware/templates/rescues/_trace.erb (5.6ms)
  Rendered /home/uzziel/.rvm/gems/ruby-1.9.3-p125/gems/actionpack-3.2.3/lib/action_dispatch/middleware/templates/rescues/_request_and_response.erb (1.4ms)
  Rendered /home/uzziel/.rvm/gems/ruby-1.9.3-p125/gems/actionpack-3.2.3/lib/action_dispatch/middleware/templates/rescues/template_error.erb within rescues/layout (15.9ms)
